{"/Users/mjackson89/Projects/cta-tracker/src/hooks/useArrivals.ts": {"path":"/Users/mjackson89/Projects/cta-tracker/src/hooks/useArrivals.ts","statementMap":{"0":{"start":{"line":5,"column":0},"end":{"line":5,"column":72}},"1":{"start":{"line":7,"column":20},"end":{"line":60,"column":1}},"2":{"start":{"line":8,"column":21},"end":{"line":8,"column":33}},"3":{"start":{"line":9,"column":26},"end":{"line":9,"column":40}},"4":{"start":{"line":10,"column":32},"end":{"line":10,"column":46}},"5":{"start":{"line":11,"column":28},"end":{"line":11,"column":43}},"6":{"start":{"line":12,"column":22},"end":{"line":44,"column":8}},"7":{"start":{"line":14,"column":4},"end":{"line":43,"column":5}},"8":{"start":{"line":15,"column":22},"end":{"line":18,"column":8}},"9":{"start":{"line":19,"column":6},"end":{"line":37,"column":9}},"10":{"start":{"line":20,"column":26},"end":{"line":20,"column":41}},"11":{"start":{"line":22,"column":8},"end":{"line":30,"column":9}},"12":{"start":{"line":23,"column":10},"end":{"line":23,"column":36}},"13":{"start":{"line":24,"column":10},"end":{"line":24,"column":28}},"14":{"start":{"line":25,"column":10},"end":{"line":25,"column":26}},"15":{"start":{"line":27,"column":10},"end":{"line":27,"column":34}},"16":{"start":{"line":28,"column":10},"end":{"line":28,"column":28}},"17":{"start":{"line":29,"column":10},"end":{"line":29,"column":25}},"18":{"start":{"line":33,"column":8},"end":{"line":33,"column":39}},"19":{"start":{"line":34,"column":8},"end":{"line":34,"column":23}},"20":{"start":{"line":35,"column":8},"end":{"line":35,"column":26}},"21":{"start":{"line":36,"column":8},"end":{"line":36,"column":23}},"22":{"start":{"line":39,"column":6},"end":{"line":39,"column":25}},"23":{"start":{"line":40,"column":6},"end":{"line":40,"column":21}},"24":{"start":{"line":41,"column":6},"end":{"line":41,"column":24}},"25":{"start":{"line":42,"column":6},"end":{"line":42,"column":21}},"26":{"start":{"line":46,"column":22},"end":{"line":51,"column":8}},"27":{"start":{"line":47,"column":4},"end":{"line":47,"column":18}},"28":{"start":{"line":48,"column":4},"end":{"line":48,"column":21}},"29":{"start":{"line":49,"column":4},"end":{"line":49,"column":19}},"30":{"start":{"line":50,"column":4},"end":{"line":50,"column":30}},"31":{"start":{"line":53,"column":2},"end":{"line":58,"column":27}},"32":{"start":{"line":54,"column":4},"end":{"line":57,"column":5}},"33":{"start":{"line":55,"column":6},"end":{"line":55,"column":33}},"34":{"start":{"line":56,"column":6},"end":{"line":56,"column":32}},"35":{"start":{"line":59,"column":2},"end":{"line":59,"column":56}},"36":{"start":{"line":61,"column":0},"end":{"line":61,"column":27}}},"fnMap":{"0":{"name":"(anonymous_0)","decl":{"start":{"line":7,"column":20},"end":{"line":7,"column":21}},"loc":{"start":{"line":7,"column":37},"end":{"line":60,"column":1}}},"1":{"name":"(anonymous_1)","decl":{"start":{"line":12,"column":34},"end":{"line":12,"column":39}},"loc":{"start":{"line":12,"column":57},"end":{"line":44,"column":3}}},"2":{"name":"(anonymous_2)","decl":{"start":{"line":20,"column":12},"end":{"line":20,"column":13}},"loc":{"start":{"line":20,"column":26},"end":{"line":20,"column":41}}},"3":{"name":"(anonymous_3)","decl":{"start":{"line":21,"column":12},"end":{"line":21,"column":13}},"loc":{"start":{"line":21,"column":20},"end":{"line":31,"column":7}}},"4":{"name":"(anonymous_4)","decl":{"start":{"line":32,"column":13},"end":{"line":32,"column":14}},"loc":{"start":{"line":32,"column":23},"end":{"line":37,"column":7}}},"5":{"name":"(anonymous_5)","decl":{"start":{"line":46,"column":34},"end":{"line":46,"column":35}},"loc":{"start":{"line":46,"column":46},"end":{"line":51,"column":3}}},"6":{"name":"(anonymous_6)","decl":{"start":{"line":53,"column":12},"end":{"line":53,"column":15}},"loc":{"start":{"line":53,"column":17},"end":{"line":58,"column":3}}}},"branchMap":{"0":{"loc":{"start":{"line":22,"column":8},"end":{"line":30,"column":9}},"type":"if","locations":[{"start":{"line":22,"column":8},"end":{"line":30,"column":9}},{"start":{"line":26,"column":15},"end":{"line":30,"column":9}}]},"1":{"loc":{"start":{"line":54,"column":4},"end":{"line":57,"column":5}},"type":"if","locations":[{"start":{"line":54,"column":4},"end":{"line":57,"column":5}}]}},"s":{"0":1,"1":1,"2":2,"3":2,"4":2,"5":2,"6":2,"7":1,"8":1,"9":1,"10":0,"11":0,"12":0,"13":0,"14":0,"15":0,"16":0,"17":0,"18":0,"19":0,"20":0,"21":0,"22":1,"23":1,"24":1,"25":1,"26":2,"27":0,"28":0,"29":0,"30":0,"31":2,"32":2,"33":1,"34":1,"35":2,"36":1},"f":{"0":2,"1":1,"2":0,"3":0,"4":0,"5":0,"6":2},"b":{"0":[0,0],"1":[1]}}
}
